<?xml version="1.0" encoding="UTF-8"?>
<!-- Generated by org.testng.reporters.JUnitReportReporter -->
<testsuite hostname="LAPTOP-LVGKT8ME" failures="0" tests="5" name="TestVagrant.com.test.TestVagrant_TestCase" time="0.024" errors="0" timestamp="2023-03-12T11:38:27 IST" skipped="0">
  <testcase classname="TestVagrant.com.test.TestVagrant_TestCase" name="testCase1" time="0.014"/>
  <system-out/>
  <testcase classname="TestVagrant.com.test.TestVagrant_TestCase" name="testCase2" time="0.002"/>
  <system-out/>
  <testcase classname="TestVagrant.com.test.TestVagrant_TestCase" name="testCase3" time="0.003"/>
  <system-out/>
  <testcase classname="TestVagrant.com.test.TestVagrant_TestCase" name="testCase4" time="0.002"/>
  <system-out/>
  <testcase classname="TestVagrant.com.test.TestVagrant_TestCase" name="testCase5" time="0.003"/>
  <system-out/>
</testsuite> <!-- TestVagrant.com.test.TestVagrant_TestCase -->
